<!DOCTYPE html>
<html>
<head>
    <title>Unittest Results</title>
    <meta charset="utf-8">
    <meta name="viewport" content="width=device-width, initial-scale=1.0">
    <link rel="stylesheet" href="https://maxcdn.bootstrapcdn.com/bootstrap/3.3.6/css/bootstrap.min.css" integrity="sha384-1q8mTJOASx8j1Au+a5WDVnPi2lkFfwwEAa8hDDdjZlpLegxhjVME1fgjWPGmkzs7" crossorigin="anonymous">
</head>
<body>
    <div class="container">
        <div class="row">
            <div class="col-xs-12">
                <h2 class="text-capitalize">Selenium REPORT</h2>
                <p class='attribute'><strong>Start Time: </strong>2022-04-08 15:22:06</p>
                <p class='attribute'><strong>Test site: </strong>https://qasvus.wordpress.com/</p>
                <p class='attribute'><strong>Type of testing: </strong>positive, negative</p>
                <p class='attribute'><strong>Browsers: </strong>Chrome, Edge</p>
                <p class='attribute'><strong>Summary: </strong>Total: 4, Pass: 3, Error: 1</p>
            </div>
        </div>
        <div class="row">
            <div class="col-xs-12 col-sm-10 col-md-10">
                <table class='table table-hover table-responsive'>
                    <thead>
                        <tr>
                            <th>Real Estate Site. Google Chrome</th>
                            <th>Status</th>
                            <th></th>
                        </tr>
                    </thead>
                    <tbody>
                        <tr class='success'>
                            <td class="col-xs-10">test_header_links</td>
                            <td class="col-xs-1">
                                <span class="label label-success" style="display:block;width:40px;">Pass</span>
                            </td>
                            <td class="col-xs-1">
                                <button class="btn btn-default btn-xs">View</button>
                            </td>
                        </tr>
                        <tr style="display:none;">
                            <td class="col-xs-9" colspan="3"><p>The title of the page is: California Real Estate � QA at Silicon Valley Real Estate
Test passed
</p>
                            </td>
                        </tr>
                        <tr class='success'>
                            <td class="col-xs-10">test_negative_empty_fields</td>
                            <td class="col-xs-1">
                                <span class="label label-success" style="display:block;width:40px;">Pass</span>
                            </td>
                            <td class="col-xs-1">
                                <button class="btn btn-default btn-xs">View</button>
                            </td>
                        </tr>
                        <tr style="display:none;">
                            <td class="col-xs-9" colspan="3"><p>The title of the page is: California Real Estate � QA at Silicon Valley Real Estate
Test passed
</p>
                            </td>
                        </tr>
                        <tr class='warning'>
                            <td class="col-xs-10">test_negative_invalid_email</td>
                            <td class="col-xs-1">
                                <span class="label label-warning" style="display:block;width:40px;">Error</span>
                            </td>
                            <td class="col-xs-1">
                                <button class="btn btn-default btn-xs">View</button>
                            </td>
                        </tr>
                        <tr style="display:none;">
                            <td class="col-xs-9" colspan="3"><p>The title of the page is: California Real Estate � QA at Silicon Valley Real Estate
</p><p style="color:maroon;">ValueError: Test failed</p><p style="color:maroon;">Traceback (most recent call last):
  File "C:\Users\Lana_Lagodina\PycharmProjects\pythonProject4\real_estate_html_report.py", line 118, in test_negative_invalid_email
    raise ValueError("Test failed")
ValueError: Test failed
</p>
                            </td>
                        </tr>
                        <tr class='success'>
                            <td class="col-xs-10">test_positive_form_submission</td>
                            <td class="col-xs-1">
                                <span class="label label-success" style="display:block;width:40px;">Pass</span>
                            </td>
                            <td class="col-xs-1">
                                <button class="btn btn-default btn-xs">View</button>
                            </td>
                        </tr>
                        <tr style="display:none;">
                            <td class="col-xs-9" colspan="3"><p>The title of the page is: California Real Estate � QA at Silicon Valley Real Estate
Go back link is on the page
All images are on the page
The title of the page is: California Real Estate � QA at Silicon Valley Real Estate
</p>
                            </td>
                        </tr>
                        <tr>
                            <td colspan="3">
                                Total: 4, Pass: 3, Error: 1 -- Duration: 32.61 s
                            </td>
                        </tr>
                    </tbody>
                </table>
            </div>
        </div>
    </div>
    <script src="https://ajax.googleapis.com/ajax/libs/jquery/2.2.4/jquery.min.js"></script>
    <script type="text/javascript">
        $(document).ready(function(){
            $('td').on('click', '.btn', function(e){
                e.preventDefault();
                e.stopImmediatePropagation();
                var $this = $(this);
                var $nextRow = $this.closest('tr').next('tr');
                $nextRow.slideToggle("fast");
                $this.text(function(i, text){
                    if (text === 'View') {
                        return 'Hide';
                    } else {
                        return 'View';
                    };
                });
            });
        });
    </script>
</body>
</html>
<!DOCTYPE html>
<html>
<head>
    <title>Unittest Results</title>
    <meta charset="utf-8">
    <meta name="viewport" content="width=device-width, initial-scale=1.0">
    <link rel="stylesheet" href="https://maxcdn.bootstrapcdn.com/bootstrap/3.3.6/css/bootstrap.min.css" integrity="sha384-1q8mTJOASx8j1Au+a5WDVnPi2lkFfwwEAa8hDDdjZlpLegxhjVME1fgjWPGmkzs7" crossorigin="anonymous">
</head>
<body>
    <div class="container">
        <div class="row">
            <div class="col-xs-12">
            </div>
        </div>
        <div class="row">
            <div class="col-xs-12 col-sm-10 col-md-10">
                <table class='table table-hover table-responsive'>
                    <thead>
                        <tr>
                            <th>Real Estate Site. Edge Browser</th>
                            <th>Status</th>
                            <th></th>
                        </tr>
                    </thead>
                    <tbody>
                        <tr class='success'>
                            <td class="col-xs-10">test_header_links</td>
                            <td class="col-xs-1">
                                <span class="label label-success" style="display:block;width:40px;">Pass</span>
                            </td>
                            <td class="col-xs-1">
                                <button class="btn btn-default btn-xs">View</button>
                            </td>
                        </tr>
                        <tr style="display:none;">
                            <td class="col-xs-9" colspan="3"><p>The title of the page is: California Real Estate � QA at Silicon Valley Real Estate
Test passed
</p>
                            </td>
                        </tr>
                        <tr class='success'>
                            <td class="col-xs-10">test_negative_empty_fields</td>
                            <td class="col-xs-1">
                                <span class="label label-success" style="display:block;width:40px;">Pass</span>
                            </td>
                            <td class="col-xs-1">
                                <button class="btn btn-default btn-xs">View</button>
                            </td>
                        </tr>
                        <tr style="display:none;">
                            <td class="col-xs-9" colspan="3"><p>The title of the page is: California Real Estate � QA at Silicon Valley Real Estate
Test passed
</p>
                            </td>
                        </tr>
                        <tr class='warning'>
                            <td class="col-xs-10">test_negative_invalid_email</td>
                            <td class="col-xs-1">
                                <span class="label label-warning" style="display:block;width:40px;">Error</span>
                            </td>
                            <td class="col-xs-1">
                                <button class="btn btn-default btn-xs">View</button>
                            </td>
                        </tr>
                        <tr style="display:none;">
                            <td class="col-xs-9" colspan="3"><p>The title of the page is: California Real Estate � QA at Silicon Valley Real Estate
</p><p style="color:maroon;">ElementClickInterceptedException: Message: element click intercepted: Element <button type="submit" class="pushbutton-wide">...</button> is not clickable at point (444, 682). Other element would receive the click: <div class="hide-on-button ads-active" data-hide-timeout="30" data-consent-expiration="180" id="eu-cookie-law" style="display: block;">...</div>
  (Session info: MicrosoftEdge=100.0.1185.36)
Stacktrace:
Backtrace:
	Microsoft::Applications::Events::EventProperties::unpack [0x00007FF638911932+25346]
	Microsoft::Applications::Events::time_ticks_t::time_ticks_t [0x00007FF63884E992+515810]
	Ordinal0 [0x00007FF638360BC5+658373]
	Ordinal0 [0x00007FF6383A3C29+932905]
	Ordinal0 [0x00007FF6383A136A+922474]
	Ordinal0 [0x00007FF63839E841+911425]
	Ordinal0 [0x00007FF63839D2CF+905935]
	Ordinal0 [0x00007FF63838FF71+851825]
	Ordinal0 [0x00007FF6383B6C3A+1010746]
	Ordinal0 [0x00007FF63838F6F4+849652]
	Ordinal0 [0x00007FF6383B6F50+1011536]
	Ordinal0 [0x00007FF6383CB034+1093684]
	Ordinal0 [0x00007FF6383B6A53+1010259]
	Ordinal0 [0x00007FF63838DB47+842567]
	Ordinal0 [0x00007FF63838F018+847896]
	Microsoft::Applications::Events::EventProperty::to_string [0x00007FF63851F1C8+827304]
	Microsoft::Applications::Events::EventProperty::EventProperty [0x00007FF638609389+34681]
	Microsoft::Applications::Events::EventProperty::EventProperty [0x00007FF63860C562+47442]
	Microsoft::Applications::Events::EventProperty::to_string [0x00007FF63845C6D6+29878]
	Microsoft::Applications::Events::time_ticks_t::time_ticks_t [0x00007FF638855981+544465]
	Microsoft::Applications::Events::time_ticks_t::time_ticks_t [0x00007FF63885A984+564948]
	Microsoft::Applications::Events::time_ticks_t::time_ticks_t [0x00007FF63885AADD+565293]
	Microsoft::Applications::Events::time_ticks_t::time_ticks_t [0x00007FF6388648CE+605726]
	BaseThreadInitThunk [0x00007FFC6F507034+20]
	RtlUserThreadStart [0x00007FFC6FDA2651+33]
</p><p style="color:maroon;">Traceback (most recent call last):
  File "C:\Users\Lana_Lagodina\PycharmProjects\pythonProject4\real_estate_html_report.py", line 251, in test_negative_invalid_email
    driver.find_element(By.XPATH, "//button[@type='submit']").click()
  File "C:\Users\Lana_Lagodina\PycharmProjects\pythonProject4\venv\lib\site-packages\selenium\webdriver\remote\webelement.py", line 81, in click
    self._execute(Command.CLICK_ELEMENT)
  File "C:\Users\Lana_Lagodina\PycharmProjects\pythonProject4\venv\lib\site-packages\selenium\webdriver\remote\webelement.py", line 710, in _execute
    return self._parent.execute(command, params)
  File "C:\Users\Lana_Lagodina\PycharmProjects\pythonProject4\venv\lib\site-packages\selenium\webdriver\remote\webdriver.py", line 425, in execute
    self.error_handler.check_response(response)
  File "C:\Users\Lana_Lagodina\PycharmProjects\pythonProject4\venv\lib\site-packages\selenium\webdriver\remote\errorhandler.py", line 247, in check_response
    raise exception_class(message, screen, stacktrace)
selenium.common.exceptions.ElementClickInterceptedException: Message: element click intercepted: Element <button type="submit" class="pushbutton-wide">...</button> is not clickable at point (444, 682). Other element would receive the click: <div class="hide-on-button ads-active" data-hide-timeout="30" data-consent-expiration="180" id="eu-cookie-law" style="display: block;">...</div>
  (Session info: MicrosoftEdge=100.0.1185.36)
Stacktrace:
Backtrace:
	Microsoft::Applications::Events::EventProperties::unpack [0x00007FF638911932+25346]
	Microsoft::Applications::Events::time_ticks_t::time_ticks_t [0x00007FF63884E992+515810]
	Ordinal0 [0x00007FF638360BC5+658373]
	Ordinal0 [0x00007FF6383A3C29+932905]
	Ordinal0 [0x00007FF6383A136A+922474]
	Ordinal0 [0x00007FF63839E841+911425]
	Ordinal0 [0x00007FF63839D2CF+905935]
	Ordinal0 [0x00007FF63838FF71+851825]
	Ordinal0 [0x00007FF6383B6C3A+1010746]
	Ordinal0 [0x00007FF63838F6F4+849652]
	Ordinal0 [0x00007FF6383B6F50+1011536]
	Ordinal0 [0x00007FF6383CB034+1093684]
	Ordinal0 [0x00007FF6383B6A53+1010259]
	Ordinal0 [0x00007FF63838DB47+842567]
	Ordinal0 [0x00007FF63838F018+847896]
	Microsoft::Applications::Events::EventProperty::to_string [0x00007FF63851F1C8+827304]
	Microsoft::Applications::Events::EventProperty::EventProperty [0x00007FF638609389+34681]
	Microsoft::Applications::Events::EventProperty::EventProperty [0x00007FF63860C562+47442]
	Microsoft::Applications::Events::EventProperty::to_string [0x00007FF63845C6D6+29878]
	Microsoft::Applications::Events::time_ticks_t::time_ticks_t [0x00007FF638855981+544465]
	Microsoft::Applications::Events::time_ticks_t::time_ticks_t [0x00007FF63885A984+564948]
	Microsoft::Applications::Events::time_ticks_t::time_ticks_t [0x00007FF63885AADD+565293]
	Microsoft::Applications::Events::time_ticks_t::time_ticks_t [0x00007FF6388648CE+605726]
	BaseThreadInitThunk [0x00007FFC6F507034+20]
	RtlUserThreadStart [0x00007FFC6FDA2651+33]

</p>
                            </td>
                        </tr>
                        <tr class='success'>
                            <td class="col-xs-10">test_positive_form_submission</td>
                            <td class="col-xs-1">
                                <span class="label label-success" style="display:block;width:40px;">Pass</span>
                            </td>
                            <td class="col-xs-1">
                                <button class="btn btn-default btn-xs">View</button>
                            </td>
                        </tr>
                        <tr style="display:none;">
                            <td class="col-xs-9" colspan="3"><p>The title of the page is: California Real Estate � QA at Silicon Valley Real Estate
Go back link is on the page
All images are on the page
The title of the page is: California Real Estate � QA at Silicon Valley Real Estate
</p>
                            </td>
                        </tr>
                        <tr>
                            <td colspan="3">
                                Total: 4, Pass: 3, Error: 1 -- Duration: 35.41 s
                            </td>
                        </tr>
                    </tbody>
                </table>
            </div>
        </div>
    </div>
    <script src="https://ajax.googleapis.com/ajax/libs/jquery/2.2.4/jquery.min.js"></script>
    <script type="text/javascript">
        $(document).ready(function(){
            $('td').on('click', '.btn', function(e){
                e.preventDefault();
                e.stopImmediatePropagation();
                var $this = $(this);
                var $nextRow = $this.closest('tr').next('tr');
                $nextRow.slideToggle("fast");
                $this.text(function(i, text){
                    if (text === 'View') {
                        return 'Hide';
                    } else {
                        return 'View';
                    };
                });
            });
        });
    </script>
</body>
</html>